ID,Type,LAT,LONG
582f39c5b62f,1,turtle,70.8719111111111,-55.51813611111111
582f39c5b62f,1,yoke,45.03741111111111,149.12629166666665 
72c63a53b890,2,turtle,-45.12437222222222,-126.05204444444443
72c63a53b890,2,yoke,-26.820630555555557,67.90393055555555 
8b1d65e4ff99,3,turtle,33.485527777777776,-142.05349444444445
8b1d65e4ff99,3,yoke,86.57996388888888,124.23269166666667 
cff24e0558e7,4,turtle,-40.64623888888889,-99.97253888888889
cff24e0558e7,4,yoke,-57.91493888888889,156.12306666666666 
2cff22ab4087,5,turtle,-13.457041666666667,63.77984166666666
2cff22ab4087,5,yoke,72.69482222222221,17.66768888888889 
ca028487efc8,6,turtle,88.0301638888889,82.20219722222222
ca028487efc8,6,yoke,84.84793888888889,107.52125555555556 
af79354ba7f7,7,turtle,61.36061111111111,-80.023725
af79354ba7f7,7,yoke,-15.686169444444445,43.74642777777778 
c3673ba5f626,8,turtle,-40.349938888888886,-107.94856388888888
c3673ba5f626,8,yoke,80.15386111111111,46.892691666666664 
4f17d7f0328e,9,turtle,-45.21625277777778,41.05720833333333
4f17d7f0328e,9,yoke,-7.912433333333334,175.09140833333333 
13b3670af367,10,turtle,9.562577777777777,98.07058888888889
13b3670af367,10,yoke,28.155458333333332,-78.67744444444445 
1b2102ac75e6,11,turtle,-4.311483333333333,84.25124722222223
1b2102ac75e6,11,yoke,-57.65401388888889,163.99485277777777 
cae364f7b938,12,turtle,61.27597777777778,163.94021111111113
cae364f7b938,12,yoke,-5.938744444444444,-134.60032777777778 
bd7e26cfc97b,13,turtle,-1.03615,152.38110833333334
bd7e26cfc97b,13,yoke,81.31664166666667,48.018927777777776 
0fba55ee1b5d,14,turtle,-48.12841944444445,122.27950277777778
0fba55ee1b5d,14,yoke,-55.70884166666667,109.82783333333333 
e9f3ef197408,15,turtle,-41.541758333333334,8.644694444444445
e9f3ef197408,15,yoke,-3.671497222222222,-154.6232277777778 
49663fe11eba,16,turtle,12.587811111111112,50.08764166666667
49663fe11eba,16,yoke,-36.956022222222224,17.324361111111113 
e8697d4115aa,17,turtle,-3.521875,-92.29903333333334
e8697d4115aa,17,yoke,-22.603963888888888,-8.278716666666666 
afede21e7cfe,18,turtle,62.95858888888888,-28.088936111111114
afede21e7cfe,18,yoke,-74.0255638888889,-112.72320277777777 
91aec9f73d00,19,turtle,-39.65497222222222,0.7668333333333334
91aec9f73d00,19,yoke,-51.49035277777778,7.280133333333333 
b9b5967413d0,20,turtle,-64.76135,113.38327777777778
b9b5967413d0,20,yoke,-28.32536111111111,-15.262305555555555 
3f0b008a2e25,21,turtle,81.76414166666666,72.88235555555555
3f0b008a2e25,21,yoke,21.57583888888889,122.54641388888889 
64288ba9bfd0,22,turtle,83.31361666666668,-79.19019166666666
64288ba9bfd0,22,yoke,-24.47245,-95.79056388888888 
db2631f19dab,23,turtle,-19.972822222222224,91.97012777777778
db2631f19dab,23,yoke,-40.99016666666667,-155.4706138888889 
12145c37e671,24,turtle,40.36620277777778,155.82
12145c37e671,24,yoke,78.67810833333333,60.56818333333333 
9a93a64733b4,25,turtle,38.509100000000004,-167.92774722222222
9a93a64733b4,25,yoke,22.16491388888889,-111.59081111111111 
fac0fa1f52b9,26,turtle,21.223169444444444,-45.12460833333333
fac0fa1f52b9,26,yoke,49.76597222222222,-138.804875 
d5c2a541d4b5,27,turtle,-20.07987222222222,-111.32907499999999
d5c2a541d4b5,27,yoke,14.022936111111111,-141.93474166666667 
bc114f358ffc,28,turtle,-40.412127777777776,136.01823888888887
bc114f358ffc,28,yoke,-40.11217499999999,91.709925 
9036b33ca1ba,29,turtle,22.254383333333333,-63.80473611111112
9036b33ca1ba,29,yoke,73.67789722222223,-169.2326138888889 
da0045ec6f0f,30,turtle,-41.318444444444445,-30.946955555555554
da0045ec6f0f,30,yoke,-34.375655555555554,-43.99259444444444 
fd6f2b71330c,31,turtle,14.07405,174.90318055555556
fd6f2b71330c,31,yoke,-28.485647222222223,108.18315000000001 
d4f182eb4639,32,turtle,-19.483486111111112,-14.729283333333333
d4f182eb4639,32,yoke,70.69819166666667,-14.445725 
562f7d2e1cf8,33,turtle,21.23621388888889,128.3657472222222
562f7d2e1cf8,33,yoke,57.560652777777776,175.71172777777778 
6f2634572450,34,turtle,-61.232302777777775,-126.01074444444444
6f2634572450,34,yoke,-46.729416666666665,133.1044916666667 
7d88e9c2f49e,35,turtle,26.561230555555557,-70.862
7d88e9c2f49e,35,yoke,-10.637908333333334,130.23495277777778 
768d99b69d61,36,turtle,-50.30578888888889,-99.44129444444444
768d99b69d61,36,yoke,76.22794166666667,-11.60282777777778 
f3deed9256f0,37,turtle,49.46176666666666,-22.749505555555555
f3deed9256f0,37,yoke,5.340725000000001,126.78619722222223 
9e7ffaa86399,38,turtle,-22.118380555555557,-141.19613611111112
9e7ffaa86399,38,yoke,-36.24627777777778,-56.418575000000004 
345d4258222e,39,turtle,15.424622222222222,109.302725
345d4258222e,39,yoke,-67.17041111111111,-96.56335555555555 
beadaa148ecd,40,turtle,-81.19066111111111,-48.93450277777778
beadaa148ecd,40,yoke,-22.65726666666667,95.78077777777777 
8822f2ce0493,41,turtle,-10.403780555555556,-123.13162222222222
8822f2ce0493,41,yoke,0.9180666666666666,-117.23281666666666 
9144fe2e1ffb,42,turtle,-33.85733333333333,-46.94345
9144fe2e1ffb,42,yoke,82.34860555555555,35.977738888888894 
c40aa47343a1,43,turtle,-35.39818611111111,175.34123611111113
c40aa47343a1,43,yoke,-7.870269444444445,91.5350861111111 
1e32338c3a83,44,turtle,-25.335719444444443,-93.48808333333334
1e32338c3a83,44,yoke,17.677347222222224,-156.65616666666668 
6999d088be3b,45,turtle,9.919158333333332,-135.6022166666667
6999d088be3b,45,yoke,-53.282983333333334,-116.44617222222223 
1cefb9e216f0,46,turtle,-26.45607222222222,81.96491666666667
1cefb9e216f0,46,yoke,39.10634722222222,167.69170833333334 
5c2b6b931fa6,47,turtle,-65.76652222222222,84.38551388888888
5c2b6b931fa6,47,yoke,18.171830555555555,-55.032580555555555 
7f0816ba140d,48,turtle,83.92336388888889,-8.856702777777778
7f0816ba140d,48,yoke,-66.11070555555555,-78.49817777777777 
32387dcdee56,49,turtle,-25.988105555555556,-118.65735277777779
32387dcdee56,49,yoke,3.9463416666666666,-4.920266666666667 
e475d19b99a1,50,turtle,16.86948611111111,-65.95186111111111
e475d19b99a1,50,yoke,-52.85089722222222,-89.82128888888889 
f2beff9f243d,51,turtle,-35.08165833333334,-167.44521666666665
f2beff9f243d,51,yoke,83.0588638888889,120.43666944444445 
46685b6b71c3,52,turtle,80.43953333333333,148.30153611111112
46685b6b71c3,52,yoke,23.346305555555553,-57.170605555555554 
7aff31948273,53,turtle,34.39799166666667,-14.173680555555555
7aff31948273,53,yoke,-38.77151666666666,-32.759005555555554 
ae5ef64a2dbe,54,turtle,32.102555555555554,-25.215855555555557
ae5ef64a2dbe,54,yoke,6.510830555555556,174.95525555555554 
6d5511717b08,55,turtle,84.06883888888888,88.91358055555555
6d5511717b08,55,yoke,-12.291747222222222,-24.003594444444445 
312bfb075744,56,turtle,-17.356188888888887,-132.34382499999998
312bfb075744,56,yoke,-17.725324999999998,42.122172222222225 
81e8fec36c1c,57,turtle,-20.024072222222223,109.64186388888889
81e8fec36c1c,57,yoke,-56.47498333333333,0.5448166666666666 
ab564a2779f0,58,turtle,84.78579444444443,-60.44203888888889
ab564a2779f0,58,yoke,-20.37738611111111,166.46917222222223 
d3f42d102f21,59,turtle,88.278425,152.55059722222222
d3f42d102f21,59,yoke,-16.633225,106.22153888888889 
48d8c6de5617,60,turtle,8.841513888888889,101.00110277777777
48d8c6de5617,60,yoke,-39.72842222222222,34.18416388888889 
60438d4d558a,61,turtle,34.29463611111111,-175.56261666666668
60438d4d558a,61,yoke,50.002858333333336,-151.20222777777778 
f1d1d67d1f05,62,turtle,-26.760491666666667,79.83921944444444
f1d1d67d1f05,62,yoke,13.443902777777778,-140.05653611111111 
e96344c51331,63,turtle,-45.90357777777778,-172.25421666666668
e96344c51331,63,yoke,-7.807058333333333,107.56361944444444 
1da4e3a67721,64,turtle,12.766897222222221,-153.0054888888889
1da4e3a67721,64,yoke,-7.8860833333333344,175.96757222222223 
37341ce45d6c,65,turtle,5.468980555555556,-155.720275
37341ce45d6c,65,yoke,4.663608333333333,-83.16978055555555 
03a33c042f00,66,turtle,-76.84133055555556,-72.50652777777778
03a33c042f00,66,yoke,32.8602,-120.14638055555555 
ba296f4abab7,67,turtle,40.32480555555556,11.874441666666666
ba296f4abab7,67,yoke,-48.187175,-7.748216666666666 
c64c0cc7113d,68,turtle,-54.30641111111111,67.8441638888889
c64c0cc7113d,68,yoke,-31.507713888888887,71.48829166666665 
57bf712fd96d,69,turtle,-59.20499166666667,-51.5584
57bf712fd96d,69,yoke,-26.297619444444447,-153.50014722222224 
f3047d8ec1a6,70,turtle,11.462852777777778,134.9192277777778
f3047d8ec1a6,70,yoke,-27.21869722222222,-46.71734444444445 
4006a552cb69,71,turtle,35.70511944444445,-16.301769444444446
4006a552cb69,71,yoke,-51.992666666666665,-156.69244999999998 
19b7677bf0f8,72,turtle,-4.244977777777778,149.84934444444445
19b7677bf0f8,72,yoke,72.08718333333334,75.85253055555556 
a33fd3173426,73,turtle,18.906661111111113,89.33835
a33fd3173426,73,yoke,49.632444444444445,-162.31950833333335 
73b765b29203,74,turtle,53.91151944444445,-153.0990972222222
73b765b29203,74,yoke,22.74475,-48.74731666666667 
df47a40c0996,75,turtle,22.689641666666667,-126.85955555555556
df47a40c0996,75,yoke,20.497891666666668,-147.26135277777777 
29e49c2dc67e,76,turtle,32.586775,147.41191666666666
29e49c2dc67e,76,yoke,-58.966430555555554,-91.71805555555555 
5edcfbf10b39,77,turtle,-38.631800000000005,132.75133333333335
5edcfbf10b39,77,yoke,-32.28205277777778,-8.57878611111111 
19d414884b2e,78,turtle,-31.929430555555555,2.0177333333333336
19d414884b2e,78,yoke,-8.812225,81.36269166666666 
fc793465a0cf,79,turtle,-26.420272222222223,-114.50419444444444
fc793465a0cf,79,yoke,60.3877,-47.985883333333334 
8558085b1eff,80,turtle,-10.624080555555556,-155.8760972222222
8558085b1eff,80,yoke,-68.8349861111111,3.3912166666666668 
a07e1dcf8929,81,turtle,-39.06753611111111,-102.7449
a07e1dcf8929,81,yoke,-46.05516388888889,121.40945277777779 
1daf7e530d13,82,turtle,-74.84849166666666,176.56471944444445
1daf7e530d13,82,yoke,-13.27128888888889,95.41516111111112 
b4310a9fab22,83,turtle,88.42135277777778,163.71403055555555
b4310a9fab22,83,yoke,44.778819444444444,137.4383138888889 
54019b4e660f,84,turtle,-50.03215,164.0500888888889
54019b4e660f,84,yoke,-46.00801666666667,-27.764172222222225 
75afadd4796f,85,turtle,-27.161841666666668,36.24100555555555
75afadd4796f,85,yoke,0.7978194444444444,-121.98852777777778 
d6eb3bf485e8,86,turtle,-13.36368888888889,160.63078888888887
d6eb3bf485e8,86,yoke,-42.457363888888885,-52.165305555555555 
4f7662ae8792,87,turtle,-47.957675,-173.5949277777778
4f7662ae8792,87,yoke,42.628013888888894,-130.56770833333334 
73c1fd51de16,88,turtle,-48.353386111111114,-132.9556888888889
73c1fd51de16,88,yoke,-5.881169444444445,173.255 
0aebfdb8a9a0,89,turtle,-54.435544444444446,-17.12055833333333
0aebfdb8a9a0,89,yoke,-30.480947222222223,4.4153 
f8e876bc4760,90,turtle,36.41428888888889,-56.11671944444445
f8e876bc4760,90,yoke,82.15838611111111,-170.84800833333333 
44b23440dd6c,91,turtle,6.466469444444445,-89.3945
44b23440dd6c,91,yoke,-36.33455555555555,121.08917777777778 
83f896a6470f,92,turtle,-47.50539722222222,156.92571944444444
83f896a6470f,92,yoke,77.4827,-19.091313888888887 
e4adf757d341,93,turtle,70.89644166666666,169.92651388888888
e4adf757d341,93,yoke,-49.828175,-168.21729444444443 
007adfdc47de,94,turtle,31.445619444444443,-142.43721944444445
007adfdc47de,94,yoke,25.616116666666667,-114.96240833333333 
95cd99c93dd3,95,turtle,-35.501419444444444,77.41663055555556
95cd99c93dd3,95,yoke,-9.787452777777778,-111.25755277777778 
f62884aa10ff,96,turtle,78.42025833333334,-139.34097500000001
f62884aa10ff,96,yoke,-41.73860555555556,68.77702222222223 
d9b96471e9f1,97,turtle,-27.72395277777778,111.65313055555555
d9b96471e9f1,97,yoke,-60.95916944444445,102.00795555555555 
a0298429aec5,98,turtle,16.83865,-43.60901666666666
a0298429aec5,98,yoke,-44.97723333333333,32.30905833333333 
d3a7addde943,99,turtle,86.60370555555555,-18.42920277777778
d3a7addde943,99,yoke,74.2913111111111,122.99218888888889 
e9a368b83b24,100,turtle,-44.69623888888889,-53.880408333333335
e9a368b83b24,100,yoke,-13.961502777777778,-133.15625 
960580532dee,101,turtle,12.163005555555555,-55.20457777777778
960580532dee,101,yoke,21.572008333333333,-165.58164444444444 
348c3e12f504,102,turtle,-38.88077777777778,112.63629166666666
348c3e12f504,102,yoke,-20.20175833333333,44.103994444444446 
ec0c0aa1088b,103,turtle,76.02005277777778,154.8585138888889
ec0c0aa1088b,103,yoke,-48.2221,110.87658888888889 
0d909ea9b2d0,104,turtle,10.815558333333334,-148.85441944444446
0d909ea9b2d0,104,yoke,18.25596388888889,169.92044166666668 
c4137c123ba9,105,turtle,-41.94500277777777,-148.56429444444444
c4137c123ba9,105,yoke,17.869633333333333,138.8131277777778 
b20a4e89e2c5,106,turtle,-61.61664444444445,67.87353611111111
b20a4e89e2c5,106,yoke,-14.411755555555555,90.51827222222222 
0905039d8cd5,107,turtle,-30.397341666666666,-161.1164861111111
0905039d8cd5,107,yoke,8.559991666666667,132.039625 
acb531c0f37d,108,turtle,-38.63595833333333,-17.932436111111112
acb531c0f37d,108,yoke,-37.35053055555556,117.67324722222222 
ac80e36a764d,109,turtle,-25.689069444444446,-73.63825
ac80e36a764d,109,yoke,-64.18668333333333,56.500030555555554 
99454bdb2eed,110,turtle,46.63382777777778,-41.91699166666667
99454bdb2eed,110,yoke,-24.00187777777778,108.27674999999999 
2a6fedd74b29,111,turtle,-40.25727222222222,-114.76364444444445
2a6fedd74b29,111,yoke,-6.540066666666666,11.216572222222222 
439495bc1446,112,turtle,-30.411852777777778,81.81596666666667
439495bc1446,112,yoke,68.0003611111111,-22.64430833333333 
934d5099117e,113,turtle,-22.15403611111111,-12.458511111111111
934d5099117e,113,yoke,25.03824722222222,-128.8287638888889 
66ecc450040e,114,turtle,-65.64254722222222,169.89625833333335
66ecc450040e,114,yoke,79.29655555555556,-121.00771944444445 
ad0f27559c6f,115,turtle,30.404355555555554,170.3220388888889
ad0f27559c6f,115,yoke,-71.73672222222223,-88.91587777777778 
40d2b5bdccc0,116,turtle,0.531375,-94.86363888888889
40d2b5bdccc0,116,yoke,-64.40995000000001,110.45964444444445 
7ed3be392e08,117,turtle,81.096925,-66.12131388888888
7ed3be392e08,117,yoke,-36.678891666666665,20.80943611111111 
bd3373dc6cf1,118,turtle,16.758650000000003,-31.144025
bd3373dc6cf1,118,yoke,68.4482888888889,-23.471547222222224 
d675848756f6,119,turtle,0.7833416666666666,-144.3958166666667
d675848756f6,119,yoke,45.31693055555556,-144.85649444444445 
940e56317d57,120,turtle,-42.80744444444445,-139.38981388888888
940e56317d57,120,yoke,-63.734725,-99.34611111111111 
e0cc1b6aa6d4,121,turtle,46.76954444444445,-170.61051388888887
e0cc1b6aa6d4,121,yoke,44.210233333333335,157.27330277777776 
8efdb75450e7,122,turtle,-6.527902777777777,56.691700000000004
8efdb75450e7,122,yoke,-18.20156944444444,155.86197222222222 
cb245962c810,123,turtle,-65.7238611111111,-100.13178333333333
cb245962c810,123,yoke,3.138288888888889,3.9678555555555555 
3178eda13607,124,turtle,-2.248866666666667,-123.69211944444444
3178eda13607,124,yoke,72.92001944444443,-132.2401277777778 
96ff8eb259ef,125,turtle,27.107511111111112,-67.15452499999999
96ff8eb259ef,125,yoke,-50.74456666666667,48.69123611111112 
19c426e2027b,126,turtle,10.924850000000001,-162.2648638888889
19c426e2027b,126,yoke,-10.565802777777778,-165.0491722222222 
2400f1c05237,127,turtle,13.725063888888888,65.35917777777777
2400f1c05237,127,yoke,-18.867575,154.3248361111111 
7e9b4a2433c0,128,turtle,85.52226666666667,-29.568466666666666
7e9b4a2433c0,128,yoke,-66.76920277777778,-131.06202222222223 
4dc50a0ae943,129,turtle,18.53561388888889,-32.96918888888889
4dc50a0ae943,129,yoke,82.17646944444445,-112.58712222222222 
b5c214d2b727,130,turtle,-16.41850277777778,54.19692777777777
b5c214d2b727,130,yoke,-26.020094444444442,67.15336388888888 
920c9028df42,131,turtle,-29.73670277777778,-153.51146111111112
920c9028df42,131,yoke,-0.3544611111111111,-131.81248055555557 
9df6109a7e1a,132,turtle,0.7795333333333333,106.00974444444444
9df6109a7e1a,132,yoke,-55.32062222222222,54.638225 
d0c26e809f78,133,turtle,44.77546666666667,144.2157361111111
d0c26e809f78,133,yoke,84.29455,148.2920611111111 
4b1eb0fa898e,134,turtle,-39.626086111111114,-12.009255555555557
4b1eb0fa898e,134,yoke,-45.44027222222223,-6.020736111111112 
765234681d95,135,turtle,86.07876388888889,91.720525
765234681d95,135,yoke,-20.913925000000003,41.10749444444444 
d76118bbf2f8,136,turtle,82.55452222222222,-165.7809722222222
d76118bbf2f8,136,yoke,-46.69873333333334,83.52688333333333 
c06afc440b12,137,turtle,-72.28485277777777,-159.650425
c06afc440b12,137,yoke,-32.28063055555556,-152.74699166666667 
0ca3c2de44c8,138,turtle,-43.19364722222222,27.394022222222222
0ca3c2de44c8,138,yoke,-56.39231111111111,-63.71535 
a6867d3553b3,139,turtle,73.54179722222223,29.151119444444447
a6867d3553b3,139,yoke,81.1270111111111,19.391436111111112 
0554b917155f,140,turtle,-62.63310555555556,30.79199722222222
0554b917155f,140,yoke,-65.26161111111111,-93.4232611111111 
f019ca2cfed4,141,turtle,-58.04131666666667,32.88223055555556
f019ca2cfed4,141,yoke,0.28023055555555554,-113.70592222222223 
775355fac4d7,142,turtle,-50.026825,15.426383333333334
775355fac4d7,142,yoke,29.978780555555556,-148.38452777777778 
640573063a0d,143,turtle,-44.489225,131.37280833333332
640573063a0d,143,yoke,-39.91891388888889,141.01769444444443 
d422b3da04d2,144,turtle,9.117866666666668,171.58275833333335
d422b3da04d2,144,yoke,-59.99931388888889,-0.7188444444444444 
2a0b51fb4261,145,turtle,49.988683333333334,-129.80171111111113
2a0b51fb4261,145,yoke,-47.83946944444445,-152.06716111111112 
08f1d6fd95f5,146,turtle,28.253566666666668,-90.18305277777777
08f1d6fd95f5,146,yoke,-15.323383333333334,-29.289666666666665 
b00fecfbe6d9,147,turtle,7.724816666666666,68.06410555555556
b00fecfbe6d9,147,yoke,-14.805580555555556,-96.40056666666668 
45b34456e6d2,148,turtle,42.11729444444445,-58.039275
45b34456e6d2,148,yoke,-54.72358055555556,114.00764166666666 
fe392e646510,149,turtle,47.29068333333333,168.42213055555555
fe392e646510,149,yoke,15.692227777777777,-126.99764166666667 
f0c3b7f28f03,150,turtle,-45.370580555555556,-12.401463888888888
f0c3b7f28f03,150,yoke,-48.99129722222222,175.3109138888889 
3243d387f2d1,151,turtle,-52.35561944444445,142.38190555555556
3243d387f2d1,151,yoke,-28.978066666666667,155.6100611111111 
d13560f9770f,152,turtle,-2.9829777777777777,7.2580583333333335
d13560f9770f,152,yoke,-12.02695,-25.089144444444443 
64a9f5072133,153,turtle,56.113033333333334,166.30682222222222
64a9f5072133,153,yoke,-16.63327222222222,-134.565575 
19504f055c94,154,turtle,-0.7323805555555556,-119.42044722222222
19504f055c94,154,yoke,-13.878997222222221,169.19811388888888 
18df114a11b1,155,turtle,0.7797194444444445,-171.8235388888889
18df114a11b1,155,yoke,-54.78984722222222,58.69185277777778 
4563ceb5592e,156,turtle,-22.165311111111112,-154.8154416666667
4563ceb5592e,156,yoke,-26.324277777777777,-90.28856666666665 
5c72a5b29cf2,157,turtle,-5.903438888888889,115.02998611111111
5c72a5b29cf2,157,yoke,-1.0900083333333335,167.04720833333332 
c8e29a9bb228,158,turtle,20.775758333333332,-26.610886111111114
c8e29a9bb228,158,yoke,25.266494444444444,-45.49106666666666 
b93eb56504fd,159,turtle,3.677688888888889,50.86726111111111
b93eb56504fd,159,yoke,44.847436111111115,-29.46168611111111 
e97f1cdd281d,160,turtle,-23.549525,57.37575555555556
e97f1cdd281d,160,yoke,39.75378611111111,-67.18896111111111 
0bac0860f178,161,turtle,-50.8168,175.01021666666668
0bac0860f178,161,yoke,-12.103105555555556,146.94318055555556 
c4b0e5ec16e1,162,turtle,-54.41605833333334,76.2504111111111
c4b0e5ec16e1,162,yoke,-12.008241666666667,-17.60183888888889 
22bbf7ea3f17,163,turtle,-22.803369444444446,-148.85176944444444
22bbf7ea3f17,163,yoke,-79.05148333333334,-172.64018333333334 
bb96f9621793,164,turtle,12.079952777777777,120.54475555555555
bb96f9621793,164,yoke,-59.948255555555555,155.53354444444443 
1c4f0f3c3cba,165,turtle,-43.817375,-51.891822222222224
1c4f0f3c3cba,165,yoke,25.90643611111111,-165.59650555555555 
151051a8eeee,166,turtle,76.64908611111112,25.998330555555558
151051a8eeee,166,yoke,-57.76446111111111,-105.39073055555555 
da1412fc36b8,167,turtle,1.9025916666666667,65.49255000000001
da1412fc36b8,167,yoke,84.04285277777778,-39.497438888888894 
4d9ef816cdb3,168,turtle,56.12363333333333,-13.826186111111111
4d9ef816cdb3,168,yoke,2.714686111111111,60.14000277777778 
ada0976bd581,169,turtle,-73.26855833333333,-161.94105555555555
ada0976bd581,169,yoke,-51.60348333333334,52.613197222222226 
948f4ad82350,170,turtle,-54.49185277777777,35.491283333333335
948f4ad82350,170,yoke,-28.842088888888888,-22.32395 
94d0d06f9baf,171,turtle,-20.645191666666665,150.04519166666665
94d0d06f9baf,171,yoke,-54.21919722222222,102.59559166666666 
699a43ac9e2f,172,turtle,-67.42842222222222,-91.01279444444444
699a43ac9e2f,172,yoke,80.66360555555555,54.02153888888889 
eb5e73c8561c,173,turtle,83.5905,-115.42529722222223
eb5e73c8561c,173,yoke,12.46223611111111,-119.95207500000001 
bcd5289fe8b8,174,turtle,-1.6784333333333334,158.68540555555555
bcd5289fe8b8,174,yoke,39.01855555555556,146.6518777777778 
8d0749e2dded,175,turtle,31.482241666666667,-33.673588888888894
8d0749e2dded,175,yoke,-19.284083333333335,54.82896388888889 
bae48d3e9a61,176,turtle,21.58410277777778,108.62795277777778
bae48d3e9a61,176,yoke,-5.9865916666666665,-109.20611666666666 
5a97bfbcae62,177,turtle,-40.52582777777778,159.5849888888889
5a97bfbcae62,177,yoke,-29.069300000000002,-161.09543611111113 
096f1b0f02ea,178,turtle,32.58488333333334,167.24900555555556
096f1b0f02ea,178,yoke,1.1437388888888889,-99.57183888888889 
a609ad5d94cd,179,turtle,11.852269444444445,67.77012777777777
a609ad5d94cd,179,yoke,54.839675,154.80796666666666 
100f0c4c6020,180,turtle,32.942594444444445,-39.85698888888889
100f0c4c6020,180,yoke,0.7631305555555555,-115.20429722222222 
4d05d24772b7,181,turtle,-11.195047222222222,-128.76832777777776
4d05d24772b7,181,yoke,-54.983552777777774,8.628102777777778 
846fbfcad7bb,182,turtle,-33.698080555555556,-154.95220277777779
846fbfcad7bb,182,yoke,-18.555308333333336,98.66634722222221 
52ef9c46cc48,183,turtle,-40.7383,106.99521666666668
52ef9c46cc48,183,yoke,-14.841655555555555,-142.14290555555556 
b3a5d0d30c8a,184,turtle,59.644475,-16.840355555555554
b3a5d0d30c8a,184,yoke,24.055619444444442,-40.56645555555555 
bf59b6b00564,185,turtle,87.34791111111112,-65.81292777777777
bf59b6b00564,185,yoke,14.171683333333334,166.006875 
9441b6fdd6c2,186,turtle,-41.2904,141.11628055555553
9441b6fdd6c2,186,yoke,40.41376944444445,-134.17806666666667 
db01c64ba21b,187,turtle,-35.21194722222223,-167.67170277777777
db01c64ba21b,187,yoke,-35.33891388888889,-74.75376944444444 
c99fb0adf50f,188,turtle,-38.83983333333333,-107.90721388888889
c99fb0adf50f,188,yoke,-22.232069444444445,-70.39850833333333 
07ef718a4d12,189,turtle,-59.71801111111112,11.712127777777779
07ef718a4d12,189,yoke,-32.318775,-79.26936111111111 
7ba0135904ad,190,turtle,84.67975833333333,166.5082861111111
7ba0135904ad,190,yoke,-37.45188611111111,36.38805555555555 
8fde52e5f5fb,191,turtle,76.86916388888889,14.647530555555557
8fde52e5f5fb,191,yoke,-18.999211111111112,50.91690555555556 
cf8ccd3c8e5d,192,turtle,83.92306111111111,170.14486944444442
cf8ccd3c8e5d,192,yoke,-5.316305555555555,-117.68545 
97e8668634b1,193,turtle,-29.898058333333335,-6.121786111111112
97e8668634b1,193,yoke,49.98376666666667,-60.261897222222224 
158df774b703,194,turtle,50.32398055555556,-50.54848055555556
158df774b703,194,yoke,29.85119166666667,-58.87593611111111 
67a52324e2c7,195,turtle,-41.085722222222216,-127.40730277777779
67a52324e2c7,195,yoke,-27.71338888888889,54.53628333333334 
a3acc35ce1c2,196,turtle,-18.089305555555555,-170.82167222222222
a3acc35ce1c2,196,yoke,-66.49658055555555,4.360580555555555 
58f33ff6ba92,197,turtle,-61.613619444444446,141.111075
58f33ff6ba92,197,yoke,-40.87933333333333,-132.34702222222222 
663154600c5c,198,turtle,53.45126388888889,-32.36866666666666
663154600c5c,198,yoke,4.085933333333333,125.33454166666667 
d16174250742,199,turtle,57.81955,18.414816666666667
d16174250742,199,yoke,47.559175,-57.48113055555556 
9542cbc12d1b,200,turtle,49.60134722222222,-19.119841666666666
9542cbc12d1b,200,yoke,-28.320258333333335,-16.334747222222223 
eda1f36338fd,201,turtle,-47.62025555555555,19.19029722222222
eda1f36338fd,201,yoke,76.39333611111111,78.74156111111111 
1e8571d5925b,202,turtle,19.529097222222223,149.01398055555555
1e8571d5925b,202,yoke,-15.019952777777778,-149.7883138888889 
a0a74d7865ed,203,turtle,87.44758888888889,-70.48003333333334
a0a74d7865ed,203,yoke,89.39601944444445,8.637411111111112 
06c1a004e9c5,204,turtle,-61.648180555555555,-49.69072222222222
06c1a004e9c5,204,yoke,-10.02105,160.80203055555558 
c3843624a87c,205,turtle,21.732575,161.457175
c3843624a87c,205,yoke,56.589616666666664,141.12356388888887 
1467e8c3f169,206,turtle,-48.54883888888889,142.7912777777778
1467e8c3f169,206,yoke,-0.6712638888888888,107.38658333333333 
a978d22171ac,207,turtle,-54.681102777777774,6.355594444444445
a978d22171ac,207,yoke,-0.6550333333333334,107.69888888888889 
4541f8463671,208,turtle,-80.50335,-34.560025
4541f8463671,208,yoke,79.60345000000001,101.15483055555555 
1b563499338a,209,turtle,86.17695,47.05384444444445
1b563499338a,209,yoke,-47.83539722222223,28.71514722222222 
d1cd2e6e75bf,210,turtle,89.59531944444444,-33.48587777777777
d1cd2e6e75bf,210,yoke,-48.49091666666667,60.88615555555556 
719b014b493a,211,turtle,32.27809722222222,34.32562222222222
719b014b493a,211,yoke,-2.0274805555555555,156.42869722222224 
9e39ea26195c,212,turtle,20.811488888888892,135.89991111111112
9e39ea26195c,212,yoke,-34.84397222222222,-152.9570222222222 
0ff32904b63c,213,turtle,-8.376680555555556,150.56650833333333
0ff32904b63c,213,yoke,24.179483333333334,65.71067222222221 
7a277bf33415,214,turtle,11.401244444444444,-106.55432777777777
7a277bf33415,214,yoke,-40.43093611111111,-160.49076666666667 
98d98f18ace1,215,turtle,-48.364133333333335,128.36461111111112
98d98f18ace1,215,yoke,14.146363888888889,-138.56291666666667 
13ad8485380e,216,turtle,66.13654444444444,-58.93056666666667
13ad8485380e,216,yoke,-5.9145111111111115,121.65630555555555 
7b1bcd1ed702,217,turtle,-65.74522499999999,111.3951388888889
7b1bcd1ed702,217,yoke,63.66951944444445,-177.1357638888889 
ad6999ec988e,218,turtle,40.04653333333333,19.72383888888889
ad6999ec988e,218,yoke,48.13014722222223,159.91768055555553 
4c99e09f5da0,219,turtle,51.46499444444444,171.32336388888888
4c99e09f5da0,219,yoke,-36.898300000000006,92.48931388888889 
e9bea27b9db7,220,turtle,-62.756766666666664,88.67867222222222
e9bea27b9db7,220,yoke,-26.502613888888888,74.54441111111112 
76637ff1faf6,221,turtle,62.021741666666664,18.694825
76637ff1faf6,221,yoke,41.17169166666667,-38.02926111111111 
b764bb4bcf6c,222,turtle,28.53633333333333,-128.7491527777778
b764bb4bcf6c,222,yoke,85.63878055555556,125.98315555555556 
c6e04f643378,223,turtle,80.73349166666667,-9.132480555555556
c6e04f643378,223,yoke,-2.4471083333333334,176.53819166666668 
59adc65677b7,224,turtle,33.78513888888889,-39.309152777777776
59adc65677b7,224,yoke,17.79685,-36.86848888888889 
07d805e6d3bf,225,turtle,1.334911111111111,139.35763055555555
07d805e6d3bf,225,yoke,43.197655555555556,31.73616666666667 
5101283de28e,226,turtle,0.7374361111111112,-162.88771666666668
5101283de28e,226,yoke,59.929966666666665,176.5515527777778 
003a08bb2477,227,turtle,-11.780469444444446,-89.01480277777777
003a08bb2477,227,yoke,23.321583333333333,-134.26829722222223 
f4ba9a0e89a4,228,turtle,-28.564030555555554,-126.71373055555556
f4ba9a0e89a4,228,yoke,-65.19880833333333,-84.78259444444446 
a0dea007b996,229,turtle,-73.20967222222222,-59.599811111111116
a0dea007b996,229,yoke,-52.630488888888884,-112.26068055555555 
9beb0e14a7be,230,turtle,15.667338888888889,163.57426388888888
9beb0e14a7be,230,yoke,83.92341111111112,-150.9781361111111 
93ddb50845f8,231,turtle,-65.81875555555555,-151.91242777777776
93ddb50845f8,231,yoke,-73.08454444444445,-72.99092777777777 
6d166858c33c,232,turtle,-30.483894444444445,-113.36086666666667
6d166858c33c,232,yoke,11.995825,140.18605277777777 
77adb963e142,233,turtle,-56.33696944444444,-139.15355
77adb963e142,233,yoke,-44.5923,72.12063888888889 
c906becb736a,234,turtle,-11.993358333333335,-13.476375
c906becb736a,234,yoke,31.51050277777778,-129.91624166666668 
764eca7fe8ef,235,turtle,-28.269716666666667,-99.30194444444444
764eca7fe8ef,235,yoke,-1.9495138888888892,-142.55343333333334 
feb502f5f1e1,236,turtle,27.694041666666667,-27.57468888888889
feb502f5f1e1,236,yoke,-44.66163611111111,161.97545 
185ee7be337d,237,turtle,1.7962666666666665,109.18963888888888
185ee7be337d,237,yoke,-1.006363888888889,43.26421388888889 
6654028143e4,238,turtle,15.582313888888889,118.31923055555555
6654028143e4,238,yoke,78.37407777777779,148.37669722222222 
1ce14a283948,239,turtle,-59.762699999999995,-69.93689166666667
1ce14a283948,239,yoke,-7.476166666666667,-144.08976388888888 
7cc8efe3e2b3,240,turtle,24.795772222222222,-19.212913888888888
7cc8efe3e2b3,240,yoke,82.78179444444444,-108.7931638888889 
74f323092da3,241,turtle,86.46797222222222,102.08258055555557
74f323092da3,241,yoke,-28.544344444444445,-171.88549722222223 
241cb179ef95,242,turtle,-8.899266666666668,-104.514075
241cb179ef95,242,yoke,11.703341666666667,-167.97812777777776 
dd980f2d9270,243,turtle,-45.8862,-135.35165
dd980f2d9270,243,yoke,-55.136266666666664,1.0070833333333333 
e181dd251c1e,244,turtle,77.10055277777778,96.95925277777778
e181dd251c1e,244,yoke,89.27225555555555,114.07734166666667 
4eef1ccba11a,245,turtle,-33.67725,47.40196111111111
4eef1ccba11a,245,yoke,82.65122222222222,12.359877777777777 
8a365a5ccc4d,246,turtle,-53.55057222222222,-98.63441388888889
8a365a5ccc4d,246,yoke,-47.32731388888889,35.26922777777778 
8f07892f13b0,247,turtle,-30.893019444444445,-133.0287111111111
8f07892f13b0,247,yoke,75.12983611111112,155.8652222222222 
963f70fcf796,248,turtle,-55.53239444444444,-120.57930833333333
963f70fcf796,248,yoke,-70.47586944444444,165.41332777777777 
a58548bd5910,249,turtle,-31.75401388888889,-116.12083333333332
a58548bd5910,249,yoke,-55.30846944444445,39.66209444444444 
d033c3e0c35e,250,turtle,29.468875,-141.4635388888889
d033c3e0c35e,250,yoke,28.397219444444445,-124.75871111111111 
ab072b41a443,251,turtle,-38.908975000000005,48.994166666666665
ab072b41a443,251,yoke,-4.284775,59.11263333333333 
7869c1da7390,252,turtle,-64.97805,-133.24435833333334
7869c1da7390,252,yoke,32.812875,-21.802988888888887 
529d2872a56d,253,turtle,-34.26916111111111,-126.49322500000001
529d2872a56d,253,yoke,13.005600000000001,166.57244722222222 
823f21b92acd,254,turtle,-61.56218888888889,147.1159583333333
823f21b92acd,254,yoke,54.14617222222222,-175.32261944444443 
f97defa67efe,255,turtle,-43.36969444444444,-103.17422222222223
f97defa67efe,255,yoke,-26.015455555555555,58.671886111111114 
cfb91c779e13,256,turtle,-7.0666166666666665,49.23618888888889
cfb91c779e13,256,yoke,55.24093333333333,-35.474961111111114 
05d5ca20e110,257,turtle,-1.0827527777777777,122.76439166666667
05d5ca20e110,257,yoke,-65.70307222222223,-28.32532777777778 
0a2f18ef346b,258,turtle,12.823966666666667,140.30552500000002
0a2f18ef346b,258,yoke,12.048519444444445,97.91513333333333 
ca01538f5522,259,turtle,32.26878055555556,133.669175
ca01538f5522,259,yoke,21.759013888888887,158.81225555555554 
04ae9496dd45,260,turtle,74.73555,-100.16858333333334
04ae9496dd45,260,yoke,27.322277777777778,-153.1232388888889 
83089ee302af,261,turtle,20.18935833333333,-140.44696666666667
83089ee302af,261,yoke,-58.68560277777778,-71.14211388888889 
3aa2b9061239,262,turtle,86.06829444444445,-103.45607222222222
3aa2b9061239,262,yoke,-57.90536944444444,30.067225 
df7de6177a6d,263,turtle,74.69465277777778,-70.35457777777778
df7de6177a6d,263,yoke,81.51574722222222,-125.30393888888888 
da0bad1749ce,264,turtle,46.62618055555556,-39.23280277777778
da0bad1749ce,264,yoke,-61.475769444444445,100.33285 
6d2c44431540,265,turtle,38.714441666666666,159.39718333333334
6d2c44431540,265,yoke,33.45625555555556,163.9787472222222 
a1f39a8a3387,266,turtle,46.268483333333336,-23.986216666666667
a1f39a8a3387,266,yoke,71.66147777777778,-164.58818611111113 
2541ff0830ec,267,turtle,-1.5182000000000002,59.77831944444444
2541ff0830ec,267,yoke,25.068275,-28.393552777777778 
edfc7c9aca9f,268,turtle,-45.97062777777777,148.551075
edfc7c9aca9f,268,yoke,-10.88776388888889,153.7422777777778 
8fa5bb38d343,269,turtle,66.5044861111111,-85.65883611111111
8fa5bb38d343,269,yoke,-35.549325,9.283436111111111 
bbff98e93f04,270,turtle,-53.30295,134.87849166666666
bbff98e93f04,270,yoke,27.812891666666665,-171.8797111111111 
ad2546fe6bef,271,turtle,79.109625,-95.78405
ad2546fe6bef,271,yoke,-9.820566666666666,112.69173055555557 
e6df5d40a60a,272,turtle,-67.88329999999999,-131.55417777777777
e6df5d40a60a,272,yoke,-30.946377777777776,-143.77670277777779 
0c956ff5565d,273,turtle,13.924683333333334,-69.84723055555556
0c956ff5565d,273,yoke,4.253605555555556,72.73993333333334 
8e2357d3e875,274,turtle,-14.651436111111112,96.33756111111111
8e2357d3e875,274,yoke,30.362969444444445,-153.92863333333332 
ef5ca244deb2,275,turtle,-79.02659722222222,-52.825636111111116
ef5ca244deb2,275,yoke,84.66584999999999,-169.6473722222222 
ab4f0d9b77b0,276,turtle,41.85810277777778,-170.42971666666665
ab4f0d9b77b0,276,yoke,-3.9945250000000003,119.19518611111111 
48898f26f4d1,277,turtle,9.444827777777778,-138.0959888888889
48898f26f4d1,277,yoke,-40.021813888888886,-9.265286111111111 
7df3d1584b04,278,turtle,31.981380555555557,-48.750908333333335
7df3d1584b04,278,yoke,-57.25926666666666,-155.68864166666665 
4d4939fc558e,279,turtle,5.776786111111111,-53.344925
4d4939fc558e,279,yoke,-20.613852777777776,-5.259861111111111 
6cec3556554e,280,turtle,-68.22738333333334,-70.10134444444445
6cec3556554e,280,yoke,-63.41761111111111,46.10123333333333 
3f521fb001f4,281,turtle,85.24934166666667,-111.22064166666667
3f521fb001f4,281,yoke,11.103530555555555,94.82197777777778 
e6dde5154e3a,282,turtle,58.01325,150.07487500000002
e6dde5154e3a,282,yoke,-65.58413055555556,-69.11231666666666 
4d57e8e378cb,283,turtle,-69.20179999999999,-156.86131388888887
4d57e8e378cb,283,yoke,-8.623544444444445,75.89641388888889 
ef4c45d53685,284,turtle,-60.32689722222222,-40.54867222222222
ef4c45d53685,284,yoke,-26.70574444444444,-113.23334444444444 
e6ae3e8dcef5,285,turtle,-45.78115555555556,120.2517
e6ae3e8dcef5,285,yoke,-25.334480555555558,105.68648888888889 
3739e8c878f9,286,turtle,82.22173611111111,15.211147222222221
3739e8c878f9,286,yoke,-46.16524444444445,154.86603333333335 
a53a7f292d49,287,turtle,-64.61442222222222,-128.68550833333333
a53a7f292d49,287,yoke,6.955147222222222,123.59371666666667 
028307d8e207,288,turtle,36.68786111111111,12.343433333333333
028307d8e207,288,yoke,-66.25088055555557,26.141169444444444 
f2d9c859d8fb,289,turtle,70.62418055555557,9.056716666666667
f2d9c859d8fb,289,yoke,2.680025,163.65504444444443 
24f6bef7d5cb,290,turtle,-7.1861749999999995,-85.36413611111111
24f6bef7d5cb,290,yoke,5.356719444444445,64.84844444444444 
e29727d6b438,291,turtle,-2.3053583333333334,-123.799925
e29727d6b438,291,yoke,44.89387222222222,148.0965861111111 
0f9a2e0cd286,292,turtle,0.3854138888888889,-0.9305333333333331
0f9a2e0cd286,292,yoke,-61.93944722222222,145.3905111111111 
4083117a5221,293,turtle,-45.39160555555555,92.73934999999999
4083117a5221,293,yoke,-18.68603611111111,-30.176719444444444 
93bb6abe7fa2,294,turtle,-49.86151666666667,-132.80579166666666
93bb6abe7fa2,294,yoke,-14.977125,80.08947222222223 
9d75674e33bd,295,turtle,85.2895,-171.8525361111111
9d75674e33bd,295,yoke,-17.733483333333332,-157.6541138888889 
3cef413072fe,296,turtle,37.42133333333333,175.57096944444444
3cef413072fe,296,yoke,51.75088611111111,164.06030277777776 
ddae305d289b,297,turtle,-56.30833055555556,-144.35943055555558
ddae305d289b,297,yoke,76.26118055555555,127.08797777777778 
cc8fba7f760f,298,turtle,-16.974630555555557,94.51386388888889
cc8fba7f760f,298,yoke,-7.836733333333333,-25.660655555555554 
d4c580cae7fd,299,turtle,-53.08962222222222,89.93511388888889
d4c580cae7fd,299,yoke,84.16938055555555,-163.68045277777776 
2a791a57984c,300,turtle,-68.29230555555556,162.9912527777778
2a791a57984c,300,yoke,50.18987222222222,-140.54991666666666 
2b2b77684611,301,turtle,19.734894444444443,142.06847777777776
2b2b77684611,301,yoke,53.510749999999994,-15.726399999999998 
3e62d252f05b,302,turtle,21.600191666666664,-158.49786388888887
3e62d252f05b,302,yoke,83.64906666666667,-117.98594166666666 
553542473af6,303,turtle,-66.49177222222222,-122.69820277777778
553542473af6,303,yoke,-20.106722222222224,1.8142305555555556 
e610ca56fa93,304,turtle,39.94613611111111,-25.276925
e610ca56fa93,304,yoke,-80.234775,-71.93786944444444 
4bb4a8afec4e,305,turtle,31.591297222222224,-16.763188888888887
4bb4a8afec4e,305,yoke,-14.299627777777777,85.24468333333334 
bf4af4ddb43f,306,turtle,74.87792777777778,47.974725
bf4af4ddb43f,306,yoke,-25.78983888888889,-88.35155833333333 
7c5caaee7553,307,turtle,33.751647222222225,168.760475
7c5caaee7553,307,yoke,10.746836111111111,115.61434166666668 
d3f4667175e9,308,turtle,-46.07236666666667,-122.22188333333332
d3f4667175e9,308,yoke,-53.600627777777774,41.85211111111111 
7103c8edb408,309,turtle,-67.73384444444444,-45.83470833333334
7103c8edb408,309,yoke,-44.910888888888884,-134.01842777777776 
b7c3bafbac92,310,turtle,-8.07618888888889,-124.976825
b7c3bafbac92,310,yoke,70.38524722222223,46.895688888888884 
e8d5f06e5b35,311,turtle,-47.74621111111111,-17.554758333333336
e8d5f06e5b35,311,yoke,11.202841666666666,-123.41213888888889 
abba7609b02d,312,turtle,-8.54051111111111,58.23233888888889
abba7609b02d,312,yoke,-31.50586388888889,-78.98246388888889 
8d58a5506c06,313,turtle,-12.986780555555555,-2.368138888888889
8d58a5506c06,313,yoke,45.23497777777778,-29.320574999999998 
e41a613d6915,314,turtle,15.615938888888888,-62.57155833333333
e41a613d6915,314,yoke,27.821775,-23.070266666666665 
36e1ba45d050,315,turtle,-17.187658333333335,-15.349805555555555
36e1ba45d050,315,yoke,-61.383919444444444,59.94412777777778 
2024cf03561e,316,turtle,19.89772222222222,-75.00191944444445
2024cf03561e,316,yoke,35.33819722222223,-69.63931666666666 
3ec7df81e1be,317,turtle,5.033352777777778,138.84336944444445
3ec7df81e1be,317,yoke,35.096091666666666,-63.32741388888889 
7177bcdb375e,318,turtle,53.88198055555556,171.83472222222224
7177bcdb375e,318,yoke,-47.84443611111111,93.98891388888889 
1ed0bac8c648,319,turtle,-25.455872222222222,-0.2152277777777778
1ed0bac8c648,319,yoke,25.185377777777777,-140.3175222222222 
7cfccad27c61,320,turtle,48.62481944444445,156.1776416666667
7cfccad27c61,320,yoke,-46.60548333333333,158.01931944444442 
875616a6827f,321,turtle,-53.77150833333334,-169.1805611111111
875616a6827f,321,yoke,-23.183127777777777,-4.282888888888889 
e34333dbd201,322,turtle,-35.19363055555556,-105.91711666666667
e34333dbd201,322,yoke,-74.32851388888889,-52.55265833333333 
b84d7a3e5a8b,323,turtle,65.10279722222222,-10.229397222222222
b84d7a3e5a8b,323,yoke,-32.34436666666667,84.43200555555556 
db556734180e,324,turtle,-34.651088888888886,28.974175000000002
db556734180e,324,yoke,-66.59829722222221,174.23980833333334 
5f7e700bdc05,325,turtle,-54.50609166666667,96.24250833333333
5f7e700bdc05,325,yoke,9.252894444444445,-86.46627777777778 
bc299644cc06,326,turtle,-67.73007777777778,164.01085833333332
bc299644cc06,326,yoke,-57.769075,-162.63748055555556 
c468328c36ca,327,turtle,-32.04620833333333,95.68805277777777
c468328c36ca,327,yoke,-52.46615555555555,-80.01816111111111 
7823001a5477,328,turtle,-38.742125,-17.832158333333336
7823001a5477,328,yoke,55.30431111111111,-153.35965555555558 
7c5c3123aa59,329,turtle,6.367525,122.56618055555556
7c5c3123aa59,329,yoke,-50.11091944444445,-97.52561666666666 
502d7ad6b080,330,turtle,-15.539555555555555,-82.37613333333333
502d7ad6b080,330,yoke,-6.416244444444444,-105.04537777777779 
5eeb34c066d8,331,turtle,-71.73913055555556,-168.3606861111111
5eeb34c066d8,331,yoke,-57.370469444444446,-125.24612222222223 
19b83d53cefb,332,turtle,-53.29572222222222,-128.63724444444446
19b83d53cefb,332,yoke,-40.78550833333333,-57.98708055555556 
89cb8c7ef0f3,333,turtle,82.41232222222222,-115.06373611111111
89cb8c7ef0f3,333,yoke,-22.121141666666666,69.84141944444444 
e09d6cb38717,334,turtle,-45.31024444444445,131.32508055555556
e09d6cb38717,334,yoke,-0.2676722222222221,-152.22497777777778 
7ca12ff866ee,335,turtle,-23.50041388888889,-136.40780555555557
7ca12ff866ee,335,yoke,24.90935,-20.376155555555556 
5a7db7f615fb,336,turtle,24.91378333333333,-58.78193055555556
5a7db7f615fb,336,yoke,-9.930141666666666,68.16960277777777 
a14165cc1bb2,337,turtle,-59.913025,-42.98797222222222
a14165cc1bb2,337,yoke,-18.766469444444446,115.31673888888889 
02fb63af7e04,338,turtle,-51.37616666666667,144.97806388888887
02fb63af7e04,338,yoke,0.3104027777777778,-45.03113888888888 
96449144ce67,339,turtle,70.03864166666668,-59.16370555555555
96449144ce67,339,yoke,-47.82037777777778,154.604975 
c95183dbc097,340,turtle,-51.40173888888889,14.665283333333333
c95183dbc097,340,yoke,-59.01369722222222,171.06244722222223 
48d8516e0942,341,turtle,38.62200555555556,-26.793713888888888
48d8516e0942,341,yoke,-72.23868055555555,170.53629166666667 
1ec72ef98266,342,turtle,22.219658333333335,123.37321944444444
1ec72ef98266,342,yoke,19.13587777777778,-80.08869722222222 
fbd54d9cfb19,343,turtle,-63.41354444444444,15.087225
fbd54d9cfb19,343,yoke,-31.079244444444445,-114.13951388888889 
8dffee05362b,344,turtle,79.30973888888889,-108.03101666666667
8dffee05362b,344,yoke,-48.113675,-43.25024444444445 
5b18d4e7dd9c,345,turtle,42.519530555555555,143.86330833333335
5b18d4e7dd9c,345,yoke,-49.58651666666666,-4.894125 
f30eb8322c83,346,turtle,16.34508888888889,-70.61813611111111
f30eb8322c83,346,yoke,-32.56889722222222,-161.35386944444446 
f4c51484a7c9,347,turtle,-37.37992777777778,-173.08842777777778
f4c51484a7c9,347,yoke,-5.933752777777777,-90.43503333333334 
d9d0c9a1ab8e,348,turtle,42.93128055555555,-163.8735027777778
d9d0c9a1ab8e,348,yoke,86.18625277777778,-24.42888888888889 
bb8f5ed0943d,349,turtle,-69.349975,-33.67126666666667
bb8f5ed0943d,349,yoke,-6.997436111111111,130.7418861111111 
d28749adb331,350,turtle,11.811494444444444,-51.396575
d28749adb331,350,yoke,-9.152944444444444,-94.4344111111111 
be3ccf2d44e0,351,turtle,-4.709655555555556,82.55437777777779
be3ccf2d44e0,351,yoke,47.262458333333335,-174.67175555555556 
3dee87be5a4a,352,turtle,74.53789722222221,149.18162222222222
3dee87be5a4a,352,yoke,80.00549444444444,88.98503611111111 
0d0444d38132,353,turtle,-10.462658333333334,-175.58498055555555
0d0444d38132,353,yoke,-68.66222777777777,-147.4281222222222 
b31a42bf4c6f,354,turtle,77.96678055555556,-164.915975
b31a42bf4c6f,354,yoke,22.61704166666667,-141.0577111111111 
6806403c128b,355,turtle,38.75008888888889,167.24228333333335
6806403c128b,355,yoke,35.80885833333333,163.46667222222223 
0f15ae8ecfc4,356,turtle,-56.34353055555555,29.576452777777778
0f15ae8ecfc4,356,yoke,-26.420869444444445,-162.12488888888888 
8c087c1f73d9,357,turtle,0.46899722222222223,-112.03487222222222
8c087c1f73d9,357,yoke,-29.31469166666667,88.92528333333333 
e8b7af7d6a04,358,turtle,-15.57976388888889,175.80966388888888
e8b7af7d6a04,358,yoke,-54.5253,-62.19302222222222 
5c21fcc1efd4,359,turtle,-19.243555555555556,-5.719813888888889
5c21fcc1efd4,359,yoke,-64.61577222222223,74.77721944444444 
de32b12aac42,360,turtle,88.59755555555556,46.18951944444444
de32b12aac42,360,yoke,23.988958333333333,-50.317188888888886 
e7db16f67f57,361,turtle,18.624241666666666,-59.56640277777778
e7db16f67f57,361,yoke,-23.44261111111111,59.215894444444444 
b4185d4e069d,362,turtle,-70.999775,-165.35783055555555
b4185d4e069d,362,yoke,75.5850611111111,-6.238055555555556 
47e5a8f38d1b,363,turtle,55.54143055555556,154.2470611111111
47e5a8f38d1b,363,yoke,-1.9379611111111112,-101.30519722222222 
937548791bdd,364,turtle,81.44047777777777,100.64126944444445
937548791bdd,364,yoke,85.68913333333333,4.578319444444444 
0094157e47c4,365,turtle,39.84723611111111,139.09003611111112
0094157e47c4,365,yoke,-40.95081388888889,-85.4216888888889 
dd8e5c617a37,366,turtle,1.1188138888888888,81.65941666666666
dd8e5c617a37,366,yoke,-1.6947805555555555,144.58979444444444 
3b1e96b45fb7,367,turtle,-20.697972222222223,-129.27651666666668
3b1e96b45fb7,367,yoke,84.4760888888889,139.1773638888889 
24ea85a00cb7,368,turtle,36.597988888888885,-159.08582222222222
24ea85a00cb7,368,yoke,20.797933333333333,-122.85795 
15b93f3563ea,369,turtle,54.227808333333336,-164.0044861111111
15b93f3563ea,369,yoke,47.6558,-45.07491666666667 
94cd2c69509d,370,turtle,-47.40920277777778,46.52814166666667
94cd2c69509d,370,yoke,-29.045325,35.64226111111111 
75798c81be6a,371,turtle,-60.440466666666666,-109.59436388888889
75798c81be6a,371,yoke,50.82848888888889,146.97229166666665 
c47a0f77be03,372,turtle,-61.624991666666666,-159.11217222222223
c47a0f77be03,372,yoke,-8.420900000000001,165.95245 
b93f328c2f9e,373,turtle,76.86928611111111,86.81390833333333
b93f328c2f9e,373,yoke,-66.86329166666667,155.74590833333335 
5dd1a38964d4,374,turtle,75.50033333333333,15.224516666666666
5dd1a38964d4,374,yoke,-21.825380555555558,165.2632722222222 
52b866985d05,375,turtle,-21.00746388888889,-78.13049722222223
52b866985d05,375,yoke,79.47752777777778,174.65705277777778 
5366d3858e0a,376,turtle,-30.997225,-110.61711388888888
5366d3858e0a,376,yoke,45.65784166666666,-59.23704166666667 
5408cb49476d,377,turtle,-29.36678888888889,-117.52565277777778
5408cb49476d,377,yoke,-34.67272222222223,-85.83805555555556 
e1df4c3f53e2,378,turtle,-25.67871388888889,37.92631111111111
e1df4c3f53e2,378,yoke,82.41066944444445,17.905852777777778 
026a976c4ad2,379,turtle,79.36655555555555,106.12272222222222
026a976c4ad2,379,yoke,-29.289108333333335,-97.35013055555555 
8a5cf4f35721,380,turtle,-69.1515611111111,-111.842875
8a5cf4f35721,380,yoke,9.212772222222222,-57.67109444444444 
13e9d4b24d17,381,turtle,-50.02587222222222,-88.78990277777777
13e9d4b24d17,381,yoke,89.84589444444444,123.96411388888889 
be7437f6cdfd,382,turtle,41.845711111111115,10.880033333333333
be7437f6cdfd,382,yoke,31.656125,177.17653888888887 
8097beccd349,383,turtle,-62.64027777777778,-22.613322222222223
8097beccd349,383,yoke,13.458975,58.906258333333334 
2baa8edfcfc6,384,turtle,84.97503333333333,169.55763055555556
2baa8edfcfc6,384,yoke,-60.16141666666667,-101.0597 
3b33a2de37a6,385,turtle,-48.85245555555556,107.28377222222223
3b33a2de37a6,385,yoke,-21.260741666666668,92.89912777777778 
e51d1b25d9c0,386,turtle,-33.404999999999994,-170.24425
e51d1b25d9c0,386,yoke,26.73811388888889,151.50333055555555 
1368a12d069a,387,turtle,80.10769444444445,83.44458055555555
1368a12d069a,387,yoke,73.41534444444444,28.874336111111113 
e1287b83a891,388,turtle,-35.72714444444444,126.8498
e1287b83a891,388,yoke,76.21475833333334,-104.82473055555556 
7abd7a9a6c18,389,turtle,37.95963611111111,153.42901111111112
7abd7a9a6c18,389,yoke,30.27643611111111,-34.57273055555555 
e0b9379bcd9b,390,turtle,14.937061111111111,-64.20891111111112
e0b9379bcd9b,390,yoke,-43.48871666666667,173.63446666666667 
0e1350eae067,391,turtle,45.267405555555555,-152.23329166666667
0e1350eae067,391,yoke,54.066430555555556,169.69189444444444 
72c8275ece32,392,turtle,-39.89364722222222,88.79316666666666
72c8275ece32,392,yoke,-70.38282222222222,-8.86508888888889 
889d29d3bb9c,393,turtle,13.532716666666667,-133.7686111111111
889d29d3bb9c,393,yoke,-52.855469444444445,-81.03696666666666 
13370cd9ea2c,394,turtle,-2.3697944444444445,5.567141666666666
13370cd9ea2c,394,yoke,67.56721111111112,-63.75273888888889 
f23a8dc51cce,395,turtle,7.612966666666667,-20.883752777777776
f23a8dc51cce,395,yoke,75.47307500000001,-124.90605833333333 
5698dd85a35e,396,turtle,-14.828477777777778,9.522194444444445
5698dd85a35e,396,yoke,-43.92076111111111,148.12600277777779 
c69d00f883e7,397,turtle,-0.07330833333333328,-99.5096611111111
c69d00f883e7,397,yoke,-32.48975,-38.81531388888889 
64ba7fdb235c,398,turtle,32.974825,-19.843597222222222
64ba7fdb235c,398,yoke,-40.81903055555556,163.22868888888888 
9abb5e9085ee,399,turtle,4.958844444444445,157.0545222222222
9abb5e9085ee,399,yoke,-2.3212,144.19363333333334 
8ae93ee4a765,400,turtle,76.21995833333334,-17.744427777777776
8ae93ee4a765,400,yoke,56.36103055555555,175.62318333333332 
c00c523ff3cb,401,turtle,-54.897447222222226,27.416197222222223
c00c523ff3cb,401,yoke,72.49812777777778,164.53175833333333 
c26b31b8ba4f,402,turtle,88.69396944444445,62.946080555555554
c26b31b8ba4f,402,yoke,32.832036111111115,-9.415688888888889 
b65c3f6a1d9e,403,turtle,31.647797222222223,-15.614363888888889
b65c3f6a1d9e,403,yoke,-57.96453888888889,130.4177611111111 
ccbc7b1659c3,404,turtle,3.0618416666666666,-84.13493055555556
ccbc7b1659c3,404,yoke,-43.907288888888885,24.39366111111111 
b4e4008779b5,405,turtle,-28.140769444444445,158.47301666666667
b4e4008779b5,405,yoke,7.257377777777778,70.15421388888889 
a14637793a52,406,turtle,-3.906505555555556,-37.23916944444444
a14637793a52,406,yoke,29.932552777777776,-133.88926944444447 
c9bbd7778256,407,turtle,-56.57763055555556,52.555233333333334
c9bbd7778256,407,yoke,45.782444444444444,-168.2878 
8360f951e385,408,turtle,-42.532297222222226,-52.221897222222225
8360f951e385,408,yoke,6.469266666666667,-130.06654166666667 
b2eca72f2fc5,409,turtle,-13.337972222222223,176.04955833333335
b2eca72f2fc5,409,yoke,45.04451111111111,-149.39190555555555 
4d6754989431,410,turtle,30.84689722222222,-165.98917777777777
4d6754989431,410,yoke,-50.60000833333333,47.49966388888889 
845f111f55f3,411,turtle,-51.868541666666665,122.05219444444445
845f111f55f3,411,yoke,-1.5500055555555559,-106.62857777777778 
4a64c6e5e567,412,turtle,85.48842222222223,9.679525
4a64c6e5e567,412,yoke,-68.97896111111112,-149.26577222222224 
8ed708d9b450,413,turtle,-52.21754166666667,35.34424444444444
8ed708d9b450,413,yoke,-59.280613888888894,-172.95117222222223 
f20d9b013da2,414,turtle,-69.56519166666666,-2.5848638888888886
f20d9b013da2,414,yoke,-19.227752777777777,-158.45201666666668 
f5b4aad4b038,415,turtle,76.38603611111111,91.08091388888889
f5b4aad4b038,415,yoke,-6.466394444444444,-89.45457777777777 
2cf4b0c30977,416,turtle,-57.914225,28.310091666666665
2cf4b0c30977,416,yoke,19.449208333333335,-31.095580555555554 
6fe4ffe49910,417,turtle,57.25723055555556,-0.3471833333333333
6fe4ffe49910,417,yoke,-64.31623611111111,-89.0121361111111 
92ee513541ef,418,turtle,-40.48387777777778,-58.65799722222222
92ee513541ef,418,yoke,-18.525475,158.12749722222222 
59c4338edad3,419,turtle,39.85364444444445,-133.05023888888888
59c4338edad3,419,yoke,-39.38836666666667,76.56786111111111 
b66a68aa146e,420,turtle,-33.34384166666667,-50.241236111111114
b66a68aa146e,420,yoke,9.907405555555554,-173.02909722222222 
7bee8171628d,421,turtle,8.277911111111111,-98.82720555555555
7bee8171628d,421,yoke,12.897855555555555,-52.98451111111111 
6c4f656df364,422,turtle,88.89216111111111,98.82926944444444
6c4f656df364,422,yoke,-29.547475000000002,172.56704444444446 
6235dfe44397,423,turtle,21.967119444444442,-132.4370638888889
6235dfe44397,423,yoke,88.19254444444444,20.834655555555553 
cbf9caecac8f,424,turtle,31.312880555555555,-27.45142222222222
cbf9caecac8f,424,yoke,24.849452777777778,157.11423888888888 
9b926b542b1b,425,turtle,-39.01829444444444,-3.277711111111111
9b926b542b1b,425,yoke,27.640941666666667,-57.146230555555555 
0caacf0965f3,426,turtle,-60.78771388888889,-10.602880555555554
0caacf0965f3,426,yoke,-30.38423888888889,99.31786944444444 
b8554f33ee45,427,turtle,32.014427777777776,-25.209608333333332
b8554f33ee45,427,yoke,26.09387222222222,-166.99752777777778 
aed6ba5f51a5,428,turtle,18.343875,149.25846944444444
aed6ba5f51a5,428,yoke,82.58829722222222,82.26113611111111 
4e50c15f0c3d,429,turtle,-69.67552222222223,-96.45095277777777
4e50c15f0c3d,429,yoke,37.30336944444444,166.80405555555555 
f92b158c3fa8,430,turtle,57.21845833333333,-15.277488888888888
f92b158c3fa8,430,yoke,-9.883486111111111,-2.122088888888889 
be557d04c21d,431,turtle,-19.853483333333333,51.97731388888889
be557d04c21d,431,yoke,69.23053055555556,16.687705555555556 
7da8dc73b8c1,432,turtle,68.15993888888889,-54.04496666666667
7da8dc73b8c1,432,yoke,-36.53670833333334,16.539386111111114 
1ba9b746a01b,433,turtle,-47.72726388888889,-1.125775
1ba9b746a01b,433,yoke,10.0208,52.540625 
c9583cf0b0c0,434,turtle,-23.99196388888889,-3.338975
c9583cf0b0c0,434,yoke,26.919625,-116.13545833333333 
e91ca4baa386,435,turtle,87.49108333333334,146.305075
e91ca4baa386,435,yoke,79.76751388888889,-1.326938888888889 
33b7b22fdcdb,436,turtle,-3.896516666666667,-19.19206388888889
33b7b22fdcdb,436,yoke,-0.48811388888888885,170.47740833333333 
158684156f4a,437,turtle,-48.82406944444445,151.16488055555556
158684156f4a,437,yoke,33.51895555555556,-14.248641666666666 
ed3d2ce66cfb,438,turtle,-42.20281388888889,13.42848888888889
ed3d2ce66cfb,438,yoke,-80.68614722222222,-74.69799444444443 
1ef066a484f4,439,turtle,-65.39903333333334,81.79443055555556
1ef066a484f4,439,yoke,-18.51685277777778,112.18838055555555 
0ef4654460d5,440,turtle,-51.9945,46.104191666666665
0ef4654460d5,440,yoke,-58.121811111111114,-46.74049722222222 
b22240d2f339,441,turtle,-28.945888888888888,-156.71713611111113
b22240d2f339,441,yoke,-39.661833333333334,-139.2353388888889 
f501be46d0c7,442,turtle,84.51291388888889,-114.43044166666667
f501be46d0c7,442,yoke,5.327588888888889,175.26811111111112 
e545010a6570,443,turtle,70.38033888888889,-168.14121666666665
e545010a6570,443,yoke,-22.740630555555555,77.06205277777778 
5653f6117324,444,turtle,39.27435833333334,-135.02408333333332
5653f6117324,444,yoke,-24.932958333333332,59.228202777777774 
2923df7c350b,445,turtle,-45.55775555555556,-134.79614999999998
2923df7c350b,445,yoke,-13.10733611111111,-24.10971388888889 
9670051217bc,446,turtle,-50.209355555555554,89.2768638888889
9670051217bc,446,yoke,82.6172611111111,23.837230555555557 
4503812d16be,447,turtle,83.24403333333333,65.00401111111111
4503812d16be,447,yoke,81.91587777777778,101.67560833333334 
6fe38614a8ad,448,turtle,-22.04116666666667,-27.105669444444445
6fe38614a8ad,448,yoke,-24.39794444444444,-115.92645 
9ea993685abd,449,turtle,53.58585,178.91528055555557
9ea993685abd,449,yoke,-56.81033611111111,-54.99529166666667 
c4c72ce1724b,450,turtle,58.02854166666666,-148.83351666666667
c4c72ce1724b,450,yoke,-71.85687777777778,-43.19997222222222 
bf9b1581281f,451,turtle,-66.04814444444445,64.98716944444445
bf9b1581281f,451,yoke,12.546097222222222,-119.62719722222222 
8473961ed584,452,turtle,1.8674083333333333,92.19774722222223
8473961ed584,452,yoke,-59.10459722222222,143.225325 
ff94c857c417,453,turtle,-35.23171388888889,-76.02541111111111
ff94c857c417,453,yoke,76.38496111111111,-84.63590277777777 
aba77f99418b,454,turtle,-7.914938888888889,103.85924444444444
aba77f99418b,454,yoke,-29.280477777777776,32.405452777777775 
a6705277bbcf,455,turtle,83.36285555555556,-174.54348055555556
a6705277bbcf,455,yoke,82.80456944444444,-104.8071361111111 
49b6ca9667e2,456,turtle,12.28911388888889,-27.691419444444445
49b6ca9667e2,456,yoke,-0.6606666666666666,-44.54788055555556 
03b871fafa62,457,turtle,38.939816666666665,-33.366794444444444
03b871fafa62,457,yoke,-62.47495,21.10423888888889 
893c902b485c,458,turtle,86.06312222222222,-31.614155555555556
893c902b485c,458,yoke,-41.71520833333333,65.537375 
98c84e3a0bd5,459,turtle,-4.878441666666666,-22.15703333333333
98c84e3a0bd5,459,yoke,-54.37643611111111,78.32713055555556 
d58d9a9d68ac,460,turtle,-53.87340833333334,-15.848541666666668
d58d9a9d68ac,460,yoke,76.99838055555554,161.61935277777778 
06fee00022b8,461,turtle,-1.2436111111111112,77.55960555555555
06fee00022b8,461,yoke,-45.35906111111111,-95.30410833333333 
504f1260c74f,462,turtle,19.391483333333333,-117.06119722222222
504f1260c74f,462,yoke,-42.109969444444445,-72.90754166666667 
6c1ca22a0114,463,turtle,-68.19068888888889,5.981725
6c1ca22a0114,463,yoke,-51.78043888888889,-120.4256 
d4353e7fd00e,464,turtle,-69.60966666666667,-166.77244166666665
d4353e7fd00e,464,yoke,81.00663055555556,-147.39150555555557 
36fe324037bb,465,turtle,19.115780555555556,-138.33400833333332
36fe324037bb,465,yoke,84.07618333333333,-126.31665833333334 
4f80d7545e80,466,turtle,-41.19723333333333,152.89733611111112
4f80d7545e80,466,yoke,3.4147166666666666,75.48961666666666 
0dd60198718a,467,turtle,-9.738808333333335,115.86925277777777
0dd60198718a,467,yoke,57.654808333333335,156.5482111111111 
2e8c012fe6f3,468,turtle,22.70951111111111,166.7789
2e8c012fe6f3,468,yoke,24.106816666666667,168.23294722222224 
4ca7edde9395,469,turtle,-23.308880555555557,41.55678888888889
4ca7edde9395,469,yoke,28.219386111111113,142.81313333333333 
9ff182c7bb58,470,turtle,-22.671561111111114,35.97656944444444
9ff182c7bb58,470,yoke,45.234925000000004,-48.66319444444444 
7c421f662abf,471,turtle,-56.69412222222222,64.49419722222223
7c421f662abf,471,yoke,58.04102777777778,-6.091083333333334 
088d473390be,472,turtle,-40.83593888888889,1.391086111111111
088d473390be,472,yoke,57.38817777777778,166.51718888888888 
6214184ad82d,473,turtle,7.753927777777778,-134.0800888888889
6214184ad82d,473,yoke,-27.531077777777778,-30.89578611111111 
95a21f306bc7,474,turtle,5.469461111111111,-162.97359444444444
95a21f306bc7,474,yoke,-36.246227777777776,-40.79521111111111 
36a79352bbc5,475,turtle,-40.00076388888888,-96.049875
36a79352bbc5,475,yoke,-10.296477777777778,-101.22554722222222 
a78ed44060d1,476,turtle,31.87361388888889,-139.5095611111111
a78ed44060d1,476,yoke,-60.11304444444445,109.43538333333333 
ee2c13f1cf45,477,turtle,77.80309166666667,105.85944444444443
ee2c13f1cf45,477,yoke,-39.571933333333334,-37.508858333333336 
7474a8fcf56a,478,turtle,-0.7963111111111112,104.33958333333334
7474a8fcf56a,478,yoke,69.2123111111111,-177.49894444444445 
99204d2da7e4,479,turtle,40.819719444444445,136.68852777777778
99204d2da7e4,479,yoke,-60.109569444444446,73.42424166666667 
f12b1490927a,480,turtle,88.42308055555556,-3.6065
f12b1490927a,480,yoke,83.76225277777777,-53.020897222222224 
fc419581ad0f,481,turtle,-1.3517000000000001,-127.42229166666665
fc419581ad0f,481,yoke,26.557272222222224,-37.663866666666664 
0d2ad18b4ecf,482,turtle,85.99557777777778,-135.52260833333332
0d2ad18b4ecf,482,yoke,-19.713275,42.665683333333334 
c13b5b5bb3dd,483,turtle,-13.532044444444443,120.05966388888888
c13b5b5bb3dd,483,yoke,86.11943333333333,157.95200833333334 
977c75ea27c2,484,turtle,-57.69535277777778,-87.74562222222222
977c75ea27c2,484,yoke,86.01660833333334,-41.596025000000004 
593b34d919fd,485,turtle,16.494633333333333,-28.46347777777778
593b34d919fd,485,yoke,-9.280897222222222,100.3886888888889 
721a5427c9f1,486,turtle,-25.541213888888887,-130.9657861111111
721a5427c9f1,486,yoke,-64.14615,-17.701294444444443 
e7c43703fb9a,487,turtle,61.16475277777778,-45.467825
e7c43703fb9a,487,yoke,41.551116666666665,-156.04027499999998 
d6c01304c3b5,488,turtle,79.59369444444445,134.24251388888888
d6c01304c3b5,488,yoke,-21.926297222222225,-118.70512777777778 
be426e76b984,489,turtle,-2.319272222222222,82.02065277777777
be426e76b984,489,yoke,-56.37270277777778,-67.03760277777778 
4b01b55e62d2,490,turtle,-30.721269444444445,-34.69625277777778
4b01b55e62d2,490,yoke,-38.41732777777778,-150.55332777777778 
a6ee333dbc1e,491,turtle,-51.653475,-164.54947777777778
a6ee333dbc1e,491,yoke,-0.78265,-119.13246666666666 
9f2f5d15fbde,492,turtle,62.41549444444445,-88.3087
9f2f5d15fbde,492,yoke,-61.57262222222222,47.44667222222222 
3d8c1cbcf646,493,turtle,-13.216875,70.40519722222221
3d8c1cbcf646,493,yoke,83.20257222222222,-170.59708333333333 
3987f980766c,494,turtle,-41.640886111111115,135.86444999999998
3987f980766c,494,yoke,89.50382499999999,83.18201944444444 
3fab1b5e99f5,495,turtle,-35.537702777777774,83.09865277777777
3fab1b5e99f5,495,yoke,79.2911,47.54770833333333 
db8fd36bcb80,496,turtle,-39.75751388888889,-130.43548611111112
db8fd36bcb80,496,yoke,87.98153888888889,-23.336891666666666 
9ba56548104a,497,turtle,28.813341666666666,175.90782777777778
9ba56548104a,497,yoke,-44.733288888888886,87.86576666666667 
8217aa4cea13,498,turtle,7.764180555555555,77.02735833333334
8217aa4cea13,498,yoke,-51.069405555555555,48.976124999999996 
44cb02dd7e86,499,turtle,-58.41277222222222,-130.02939444444442
44cb02dd7e86,499,yoke,-29.747163888888892,93.65429166666667 
22b719befacf,500,turtle,-22.17284722222222,-40.767297222222226
22b719befacf,500,yoke,-49.19685833333333,-13.499961111111112 
